Epoch: 0, d_loss= 0.863934, g_loss= 65.098770, D(X)= -0.024572, D(G(X))= -0.068303, wrong score: -0.024528
Epoch: 1, d_loss= 0.426349, g_loss= 57.977631, D(X)= 0.419532, D(G(X))= 0.016343, wrong score: 0.423782
Epoch: 2, d_loss= 0.412341, g_loss= 53.741234, D(X)= 0.440658, D(G(X))= 0.041162, wrong score: 0.436406
Epoch: 3, d_loss= 0.412615, g_loss= 51.328384, D(X)= 0.436020, D(G(X))= 0.077236, wrong score: 0.430816
Epoch: 4, d_loss= 0.416002, g_loss= 50.508839, D(X)= 0.441608, D(G(X))= 0.091253, wrong score: 0.439459
Epoch: 5, d_loss= 0.411856, g_loss= 50.136288, D(X)= 0.443269, D(G(X))= 0.084817, wrong score: 0.439546
Epoch: 6, d_loss= 0.415402, g_loss= 49.477821, D(X)= 0.438148, D(G(X))= 0.087920, wrong score: 0.437513
Epoch: 7, d_loss= 0.416038, g_loss= 48.975128, D(X)= 0.435691, D(G(X))= 0.079466, wrong score: 0.437602
Epoch: 8, d_loss= 0.417311, g_loss= 48.969830, D(X)= 0.439310, D(G(X))= 0.082595, wrong score: 0.441771
Epoch: 9, d_loss= 0.415041, g_loss= 48.740425, D(X)= 0.438556, D(G(X))= 0.083629, wrong score: 0.438582
Epoch: 10, d_loss= 0.415520, g_loss= 48.604538, D(X)= 0.447597, D(G(X))= 0.078845, wrong score: 0.448361
Epoch: 11, d_loss= 0.416125, g_loss= 48.517281, D(X)= 0.444498, D(G(X))= 0.074302, wrong score: 0.445522
Epoch: 12, d_loss= 0.417456, g_loss= 47.988392, D(X)= 0.442625, D(G(X))= 0.083994, wrong score: 0.442474
Epoch: 13, d_loss= 0.418512, g_loss= 47.674622, D(X)= 0.425290, D(G(X))= 0.081138, wrong score: 0.423431
Epoch: 14, d_loss= 0.425596, g_loss= 47.099335, D(X)= 0.448270, D(G(X))= 0.089976, wrong score: 0.452080
Epoch: 15, d_loss= 0.447866, g_loss= 47.318451, D(X)= 0.544483, D(G(X))= 0.143489, wrong score: 0.540821
Epoch: 16, d_loss= 0.439774, g_loss= 46.436237, D(X)= 0.356584, D(G(X))= 0.101543, wrong score: 0.355283
Epoch: 17, d_loss= 0.424761, g_loss= 46.403877, D(X)= 0.425510, D(G(X))= 0.089333, wrong score: 0.424099
Epoch: 18, d_loss= 0.427688, g_loss= 47.451180, D(X)= 0.475420, D(G(X))= 0.115167, wrong score: 0.470019
Epoch: 19, d_loss= 0.472169, g_loss= 46.142197, D(X)= 0.538366, D(G(X))= 0.178876, wrong score: 0.546283
Epoch: 20, d_loss= 0.434179, g_loss= 45.806412, D(X)= 0.463712, D(G(X))= 0.120062, wrong score: 0.466807
Epoch: 21, d_loss= 0.422099, g_loss= 45.791145, D(X)= 0.431019, D(G(X))= 0.064497, wrong score: 0.427924
Epoch: 22, d_loss= 0.475260, g_loss= 45.938736, D(X)= 0.411848, D(G(X))= 0.242244, wrong score: 0.412599
Epoch: 23, d_loss= 0.444772, g_loss= 45.565727, D(X)= 0.440269, D(G(X))= 0.119054, wrong score: 0.449172
Epoch: 24, d_loss= 0.426009, g_loss= 45.686325, D(X)= 0.450189, D(G(X))= 0.095924, wrong score: 0.447847
Epoch: 25, d_loss= 0.568889, g_loss= 45.364822, D(X)= 0.179558, D(G(X))= -0.087429, wrong score: 0.177858
Epoch: 26, d_loss= 0.490721, g_loss= 47.954330, D(X)= 0.372775, D(G(X))= 0.260933, wrong score: 0.372737
Epoch: 27, d_loss= 0.434431, g_loss= 45.575642, D(X)= 0.428953, D(G(X))= 0.143969, wrong score: 0.428087
Epoch: 28, d_loss= 0.465795, g_loss= 45.384995, D(X)= 0.297543, D(G(X))= -0.007995, wrong score: 0.302533
Epoch: 29, d_loss= 0.586591, g_loss= 45.644447, D(X)= 0.544901, D(G(X))= 0.397788, wrong score: 0.544796
Epoch: 30, d_loss= 0.427021, g_loss= 45.281864, D(X)= 0.409615, D(G(X))= 0.122228, wrong score: 0.407902
Epoch: 31, d_loss= 0.417267, g_loss= 45.348297, D(X)= 0.444007, D(G(X))= 0.056169, wrong score: 0.443487
Epoch: 32, d_loss= 0.770808, g_loss= 46.432343, D(X)= 0.629905, D(G(X))= 0.545177, wrong score: 0.628903
Epoch: 33, d_loss= 0.474125, g_loss= 45.580570, D(X)= 0.319012, D(G(X))= 0.172716, wrong score: 0.320124
Epoch: 34, d_loss= 0.435767, g_loss= 44.925011, D(X)= 0.431666, D(G(X))= 0.135025, wrong score: 0.433308
Epoch: 35, d_loss= 1.344170, g_loss= 46.721127, D(X)= 0.946177, D(G(X))= 0.666984, wrong score: 0.942289
Epoch: 36, d_loss= 0.425817, g_loss= 45.033409, D(X)= 0.397572, D(G(X))= 0.091053, wrong score: 0.396399
Epoch: 37, d_loss= 0.526146, g_loss= 44.554985, D(X)= 0.241629, D(G(X))= -0.150148, wrong score: 0.238671
Epoch: 38, d_loss= 0.508844, g_loss= 46.767807, D(X)= 0.246443, D(G(X))= -0.106744, wrong score: 0.245975
Epoch: 39, d_loss= 0.496483, g_loss= 44.747559, D(X)= 0.267643, D(G(X))= -0.099290, wrong score: 0.270781
Epoch: 40, d_loss= 0.458124, g_loss= 45.207298, D(X)= 0.295734, D(G(X))= 0.011599, wrong score: 0.291199
Epoch: 41, d_loss= 0.422169, g_loss= 44.933868, D(X)= 0.386128, D(G(X))= -0.017969, wrong score: 0.384259
Epoch: 42, d_loss= 0.581474, g_loss= 46.625233, D(X)= 0.695730, D(G(X))= 0.217352, wrong score: 0.694103
Epoch: 43, d_loss= 0.447865, g_loss= 44.012985, D(X)= 0.352034, D(G(X))= 0.096791, wrong score: 0.353886
Epoch: 44, d_loss= 0.419727, g_loss= 44.762596, D(X)= 0.463317, D(G(X))= 0.086050, wrong score: 0.461300
Epoch: 45, d_loss= 0.429803, g_loss= 44.469826, D(X)= 0.430829, D(G(X))= 0.005706, wrong score: 0.439452
Epoch: 46, d_loss= 2.453182, g_loss= 44.921852, D(X)= -0.456341, D(G(X))= -0.625901, wrong score: -0.456002
Epoch: 47, d_loss= 0.490053, g_loss= 45.633316, D(X)= 0.543853, D(G(X))= 0.249226, wrong score: 0.543052
Epoch: 48, d_loss= 0.437754, g_loss= 44.935539, D(X)= 0.556781, D(G(X))= 0.060874, wrong score: 0.554374
Epoch: 49, d_loss= 0.429680, g_loss= 44.444408, D(X)= 0.446827, D(G(X))= 0.008017, wrong score: 0.453171
Epoch: 50, d_loss= 2.156964, g_loss= 43.883568, D(X)= -0.365075, D(G(X))= -0.630484, wrong score: -0.365436
Epoch: 51, d_loss= 0.476127, g_loss= 43.720741, D(X)= 0.461823, D(G(X))= 0.261947, wrong score: 0.458829
Epoch: 52, d_loss= 0.434910, g_loss= 43.856617, D(X)= 0.497788, D(G(X))= 0.097821, wrong score: 0.503003
Epoch: 53, d_loss= 0.438639, g_loss= 45.498367, D(X)= 0.454481, D(G(X))= 0.027891, wrong score: 0.462545
Epoch: 54, d_loss= 4.494270, g_loss= 43.538681, D(X)= -0.834904, D(G(X))= -0.878025, wrong score: -0.837730
Epoch: 55, d_loss= 0.501456, g_loss= 42.914467, D(X)= 0.317603, D(G(X))= 0.238601, wrong score: 0.316657
Epoch: 56, d_loss= 0.477377, g_loss= 43.016609, D(X)= 0.352092, D(G(X))= 0.218375, wrong score: 0.350729
Epoch: 57, d_loss= 0.599839, g_loss= 44.942276, D(X)= 0.576131, D(G(X))= 0.370092, wrong score: 0.571705
Epoch: 58, d_loss= 1.128002, g_loss= 43.555939, D(X)= -0.136171, D(G(X))= -0.145765, wrong score: -0.137260
Epoch: 59, d_loss= 0.528378, g_loss= 43.034664, D(X)= 0.309396, D(G(X))= 0.277417, wrong score: 0.308684
Epoch: 60, d_loss= 0.529153, g_loss= 42.250950, D(X)= 0.345328, D(G(X))= 0.291577, wrong score: 0.345316
Epoch: 61, d_loss= 0.525415, g_loss= 42.427174, D(X)= 0.370178, D(G(X))= 0.299733, wrong score: 0.370359
Epoch: 62, d_loss= 0.916336, g_loss= 45.121582, D(X)= 0.713803, D(G(X))= 0.552834, wrong score: 0.712957
Epoch: 63, d_loss= 0.638838, g_loss= 41.675404, D(X)= 0.519052, D(G(X))= 0.445319, wrong score: 0.518256
Epoch: 64, d_loss= 0.561609, g_loss= 42.213692, D(X)= 0.468202, D(G(X))= 0.353128, wrong score: 0.469618
Epoch: 65, d_loss= 0.442735, g_loss= 42.802696, D(X)= 0.383648, D(G(X))= 0.111624, wrong score: 0.384307
Epoch: 66, d_loss= 4.893200, g_loss= 41.438442, D(X)= -0.868119, D(G(X))= -0.990963, wrong score: -0.868682
Epoch: 67, d_loss= 0.505474, g_loss= 43.496834, D(X)= 0.435496, D(G(X))= 0.294620, wrong score: 0.434247
Epoch: 68, d_loss= 0.448462, g_loss= 42.514267, D(X)= 0.466604, D(G(X))= 0.193811, wrong score: 0.464044
Epoch: 69, d_loss= 0.542550, g_loss= 42.284374, D(X)= 0.213153, D(G(X))= 0.007119, wrong score: 0.207893
Epoch: 70, d_loss= 0.555487, g_loss= 43.496986, D(X)= 0.383770, D(G(X))= 0.292928, wrong score: 0.386091
Epoch: 71, d_loss= 4.207432, g_loss= 47.090271, D(X)= 1.477568, D(G(X))= 1.300344, wrong score: 1.467942
Epoch: 72, d_loss= 0.474355, g_loss= 42.516598, D(X)= 0.370424, D(G(X))= 0.208708, wrong score: 0.370439
Epoch: 73, d_loss= 0.585036, g_loss= 43.177124, D(X)= 0.302758, D(G(X))= 0.258689, wrong score: 0.304843
Epoch: 74, d_loss= 3.863774, g_loss= 41.628750, D(X)= -0.720341, D(G(X))= -0.833747, wrong score: -0.715781
Epoch: 75, d_loss= 0.566643, g_loss= 42.401585, D(X)= 0.579559, D(G(X))= 0.344149, wrong score: 0.575567
Epoch: 76, d_loss= 0.789083, g_loss= 45.663078, D(X)= 0.714106, D(G(X))= 0.398382, wrong score: 0.720211
Epoch: 77, d_loss= 2.539173, g_loss= 44.821934, D(X)= 1.177976, D(G(X))= 1.015976, wrong score: 1.183471
Epoch: 78, d_loss= 0.485753, g_loss= 42.555519, D(X)= 0.450250, D(G(X))= 0.199510, wrong score: 0.449238
Epoch: 79, d_loss= 0.850200, g_loss= 44.545033, D(X)= 0.510805, D(G(X))= 0.583843, wrong score: 0.508352
Epoch: 80, d_loss= 0.788103, g_loss= 47.670979, D(X)= 0.558386, D(G(X))= 0.530213, wrong score: 0.554271
Epoch: 81, d_loss= 0.891465, g_loss= 42.334946, D(X)= 0.656906, D(G(X))= 0.621139, wrong score: 0.656578
Epoch: 82, d_loss= 0.646047, g_loss= 42.598206, D(X)= 0.513165, D(G(X))= 0.464970, wrong score: 0.512382
Epoch: 83, d_loss= 0.967041, g_loss= 42.156826, D(X)= 0.297293, D(G(X))= 0.612807, wrong score: 0.327744
Epoch: 84, d_loss= 1.779807, g_loss= 45.652695, D(X)= -0.338454, D(G(X))= -0.345087, wrong score: -0.337196
Epoch: 85, d_loss= 0.656015, g_loss= 41.141747, D(X)= 0.504135, D(G(X))= 0.483079, wrong score: 0.505187
Epoch: 86, d_loss= 0.579211, g_loss= 41.010929, D(X)= 0.430738, D(G(X))= 0.405721, wrong score: 0.428705
Epoch: 87, d_loss= 0.631042, g_loss= 41.303608, D(X)= 0.483208, D(G(X))= 0.458409, wrong score: 0.481273
Epoch: 88, d_loss= 0.663552, g_loss= 41.594532, D(X)= 0.469789, D(G(X))= 0.473097, wrong score: 0.470635
Epoch: 89, d_loss= 1.571996, g_loss= 52.641727, D(X)= 0.751082, D(G(X))= 0.919652, wrong score: 0.765291
Epoch: 90, d_loss= 1.504949, g_loss= 45.598820, D(X)= 0.856279, D(G(X))= 0.854838, wrong score: 0.856172
Epoch: 91, d_loss= 0.776859, g_loss= 45.609306, D(X)= 0.565629, D(G(X))= 0.564275, wrong score: 0.565615
Epoch: 92, d_loss= 0.764989, g_loss= 44.768898, D(X)= 0.556807, D(G(X))= 0.555686, wrong score: 0.556780
Epoch: 93, d_loss= 0.745827, g_loss= 41.945473, D(X)= 0.549108, D(G(X))= 0.548344, wrong score: 0.549098
Epoch: 94, d_loss= 0.801636, g_loss= 42.195972, D(X)= 0.585628, D(G(X))= 0.584725, wrong score: 0.585742
Epoch: 95, d_loss= 0.914025, g_loss= 41.780666, D(X)= 0.632107, D(G(X))= 0.631325, wrong score: 0.632036
Epoch: 96, d_loss= 1.179403, g_loss= 42.400414, D(X)= 0.744824, D(G(X))= 0.744232, wrong score: 0.744871
Epoch: 97, d_loss= 1.439063, g_loss= 42.823708, D(X)= 0.829319, D(G(X))= 0.829179, wrong score: 0.829208
Epoch: 98, d_loss= 1.884750, g_loss= 43.667877, D(X)= 0.947345, D(G(X))= 0.948684, wrong score: 0.947262
Epoch: 99, d_loss= 2.862417, g_loss= 44.648430, D(X)= 1.161517, D(G(X))= 1.164049, wrong score: 1.161501
Epoch: 100, d_loss= 4.416347, g_loss= 43.966118, D(X)= 1.406176, D(G(X))= 1.412462, wrong score: 1.406029
Epoch: 101, d_loss= 5.505862, g_loss= 42.867477, D(X)= 1.558448, D(G(X))= 1.594138, wrong score: 1.558850
Epoch: 102, d_loss= 2.166584, g_loss= 47.127373, D(X)= 0.989366, D(G(X))= 1.042870, wrong score: 0.989844
Epoch: 103, d_loss= 2.856291, g_loss= 42.666492, D(X)= 1.148552, D(G(X))= 1.170572, wrong score: 1.148139
Epoch: 104, d_loss= 5.881746, g_loss= 41.972103, D(X)= 1.595262, D(G(X))= 1.626686, wrong score: 1.592800
Epoch: 105, d_loss= 4.845439, g_loss= 41.744774, D(X)= 0.790529, D(G(X))= 1.853570, wrong score: 0.836959
Epoch: 106, d_loss= 3.898625, g_loss= 40.120533, D(X)= 0.478055, D(G(X))= 1.654919, wrong score: 0.459382
Epoch: 107, d_loss= 10.677249, g_loss= 41.136902, D(X)= 0.023965, D(G(X))= 2.821460, wrong score: -0.051092
Epoch: 108, d_loss= 8.919983, g_loss= 43.698895, D(X)= 1.832447, D(G(X))= 2.131939, wrong score: 1.829200
Epoch: 109, d_loss= 3.440163, g_loss= 42.732376, D(X)= 1.250291, D(G(X))= 1.287529, wrong score: 1.249945
Epoch: 110, d_loss= 6.583593, g_loss= 42.147369, D(X)= 1.693914, D(G(X))= 1.721488, wrong score: 1.694227
Epoch: 111, d_loss= 17.911173, g_loss= 45.377632, D(X)= 2.678450, D(G(X))= 2.692456, wrong score: 2.678981
Epoch: 112, d_loss= 59.280525, g_loss= 44.876900, D(X)= 4.703131, D(G(X))= 4.727704, wrong score: 4.705360
Epoch: 113, d_loss= 65.661858, g_loss= 52.884331, D(X)= 4.596857, D(G(X))= 5.470183, wrong score: 4.594295
Epoch: 114, d_loss= 1.037010, g_loss= 47.135418, D(X)= 0.000438, D(G(X))= 0.021170, wrong score: 0.000502
Epoch: 115, d_loss= 1.706374, g_loss= 45.472759, D(X)= 0.832268, D(G(X))= 0.846432, wrong score: 0.832128
Epoch: 116, d_loss= 1.774885, g_loss= 44.877068, D(X)= 0.880114, D(G(X))= 0.894154, wrong score: 0.880032
Epoch: 117, d_loss= 1.836529, g_loss= 44.331554, D(X)= 0.887363, D(G(X))= 0.901477, wrong score: 0.887286
Epoch: 118, d_loss= 1.926208, g_loss= 43.065117, D(X)= 0.938796, D(G(X))= 0.952758, wrong score: 0.938728
Epoch: 119, d_loss= 2.238672, g_loss= 41.878517, D(X)= 1.012737, D(G(X))= 1.026273, wrong score: 1.013004
Epoch: 120, d_loss= 2.670018, g_loss= 41.953697, D(X)= 1.107086, D(G(X))= 1.120325, wrong score: 1.107045
Epoch: 121, d_loss= 2.729746, g_loss= 40.808517, D(X)= 1.122426, D(G(X))= 1.135229, wrong score: 1.122803
Epoch: 122, d_loss= 3.188947, g_loss= 39.915199, D(X)= 1.214392, D(G(X))= 1.224987, wrong score: 1.214520
Epoch: 123, d_loss= 3.685979, g_loss= 39.259537, D(X)= 1.298357, D(G(X))= 1.306123, wrong score: 1.298568
Epoch: 124, d_loss= 4.596465, g_loss= 38.736618, D(X)= 1.441000, D(G(X))= 1.445532, wrong score: 1.440650
Epoch: 125, d_loss= 5.915346, g_loss= 38.877415, D(X)= 1.618000, D(G(X))= 1.621623, wrong score: 1.617980
Epoch: 126, d_loss= 8.017378, g_loss= 38.610786, D(X)= 1.860085, D(G(X))= 1.862738, wrong score: 1.860112
Epoch: 127, d_loss= 14.836014, g_loss= 39.195507, D(X)= 2.464619, D(G(X))= 2.468097, wrong score: 2.464361
Epoch: 128, d_loss= 41.607159, g_loss= 39.172165, D(X)= 3.983256, D(G(X))= 3.987494, wrong score: 3.983207
Epoch: 129, d_loss= 173.385025, g_loss= 45.085258, D(X)= 7.863070, D(G(X))= 7.871673, wrong score: 7.863144
Epoch: 130, d_loss= 361.489380, g_loss= 42.005211, D(X)= 11.189048, D(G(X))= 11.201030, wrong score: 11.188870
Epoch: 131, d_loss= 11.216118, g_loss= 39.905842, D(X)= 2.150339, D(G(X))= 2.163710, wrong score: 2.149426
Epoch: 132, d_loss= 8.113756, g_loss= 38.719982, D(X)= 1.866222, D(G(X))= 1.873434, wrong score: 1.865657
Epoch: 133, d_loss= 7.128851, g_loss= 38.188633, D(X)= 1.755472, D(G(X))= 1.765007, wrong score: 1.754303
Epoch: 134, d_loss= 5.691615, g_loss= 38.387699, D(X)= 1.582978, D(G(X))= 1.595442, wrong score: 1.584795
Epoch: 135, d_loss= 5.347005, g_loss= 39.451752, D(X)= 1.537506, D(G(X))= 1.550564, wrong score: 1.532049
Epoch: 136, d_loss= 0.690199, g_loss= 40.541870, D(X)= 0.281438, D(G(X))= 0.301690, wrong score: 0.277103
Epoch: 137, d_loss= 6.789132, g_loss= 38.448917, D(X)= 1.692663, D(G(X))= 1.760058, wrong score: 1.688159
Epoch: 138, d_loss= 8.085869, g_loss= 39.051586, D(X)= 1.560130, D(G(X))= 2.077546, wrong score: 1.612480
Epoch: 139, d_loss= 1.708551, g_loss= 38.083565, D(X)= 0.642986, D(G(X))= 0.751681, wrong score: 0.605878
Epoch: 140, d_loss= 8.662516, g_loss= 38.018288, D(X)= 1.480736, D(G(X))= 2.204423, wrong score: 1.472707
Epoch: 141, d_loss= 0.850639, g_loss= 38.700909, D(X)= 0.223708, D(G(X))= 0.103411, wrong score: 0.221372
Epoch: 142, d_loss= 6.423906, g_loss= 37.244820, D(X)= 1.675276, D(G(X))= 1.695300, wrong score: 1.675869
Epoch: 143, d_loss= 8.732713, g_loss= 37.943123, D(X)= 1.821652, D(G(X))= 2.032340, wrong score: 1.835823
Epoch: 144, d_loss= 12.145249, g_loss= 38.258736, D(X)= -0.535714, D(G(X))= 2.348098, wrong score: -0.494960
Epoch: 145, d_loss= 1.908318, g_loss= 37.434776, D(X)= 0.932472, D(G(X))= 0.982534, wrong score: 0.919415
Epoch: 146, d_loss= 8.872291, g_loss= 37.547596, D(X)= 1.928274, D(G(X))= 1.995463, wrong score: 1.927372
Epoch: 147, d_loss= 14.503799, g_loss= 38.922417, D(X)= 2.263654, D(G(X))= 2.685297, wrong score: 2.254835
Epoch: 148, d_loss= 77.434296, g_loss= 47.169010, D(X)= -4.719759, D(G(X))= -4.482960, wrong score: -4.664165
Epoch: 149, d_loss= 1.865477, g_loss= 37.168320, D(X)= 0.932904, D(G(X))= 0.960943, wrong score: 0.932279
Epoch: 150, d_loss= 6.968483, g_loss= 37.423027, D(X)= 1.740975, D(G(X))= 1.770366, wrong score: 1.744583
Epoch: 151, d_loss= 9.814874, g_loss= 37.189190, D(X)= 2.033606, D(G(X))= 2.070315, wrong score: 2.032280
Epoch: 152, d_loss= 12.975178, g_loss= 37.396633, D(X)= 2.280591, D(G(X))= 2.376762, wrong score: 2.290174
Epoch: 153, d_loss= 18.942331, g_loss= 37.630489, D(X)= 2.683383, D(G(X))= 2.899776, wrong score: 2.666035
Epoch: 154, d_loss= 25.298073, g_loss= 37.901321, D(X)= 2.866020, D(G(X))= 3.587343, wrong score: 2.821878
Epoch: 155, d_loss= 14.923281, g_loss= 38.187164, D(X)= -1.988320, D(G(X))= 0.179505, wrong score: -1.967638
Epoch: 156, d_loss= 1.691685, g_loss= 37.335762, D(X)= -0.277596, D(G(X))= -0.126612, wrong score: -0.285839
Epoch: 157, d_loss= 19.704050, g_loss= 37.344906, D(X)= 2.714120, D(G(X))= 2.971343, wrong score: 2.698152
Epoch: 158, d_loss= 124.870461, g_loss= 73.645432, D(X)= -4.355844, D(G(X))= 8.269411, wrong score: -4.138716
Epoch: 159, d_loss= 0.706030, g_loss= 37.308792, D(X)= 0.370984, D(G(X))= 0.411762, wrong score: 0.370939
Epoch: 160, d_loss= 5.006701, g_loss= 37.115250, D(X)= 1.492759, D(G(X))= 1.518576, wrong score: 1.493634
Epoch: 161, d_loss= 7.469394, g_loss= 38.238312, D(X)= 1.794210, D(G(X))= 1.816805, wrong score: 1.794004
Epoch: 162, d_loss= 7.546740, g_loss= 37.157085, D(X)= 1.782609, D(G(X))= 1.814477, wrong score: 1.782757
Epoch: 163, d_loss= 6.645400, g_loss= 37.216053, D(X)= 1.673591, D(G(X))= 1.706168, wrong score: 1.675468
Epoch: 164, d_loss= 6.449958, g_loss= 36.925278, D(X)= 1.654687, D(G(X))= 1.691781, wrong score: 1.649774
Epoch: 165, d_loss= 5.620214, g_loss= 37.147259, D(X)= 1.529853, D(G(X))= 1.589248, wrong score: 1.533456
Epoch: 166, d_loss= 6.025525, g_loss= 37.067032, D(X)= 1.595699, D(G(X))= 1.656261, wrong score: 1.593575
Epoch: 167, d_loss= 5.116639, g_loss= 37.340904, D(X)= 1.459395, D(G(X))= 1.536133, wrong score: 1.465485
Epoch: 168, d_loss= 6.692012, g_loss= 36.918098, D(X)= 1.679325, D(G(X))= 1.743344, wrong score: 1.670225
Epoch: 169, d_loss= 7.553762, g_loss= 36.634212, D(X)= 1.774686, D(G(X))= 1.838667, wrong score: 1.766420
Epoch: 170, d_loss= 8.540343, g_loss= 36.977932, D(X)= 1.855778, D(G(X))= 1.985444, wrong score: 1.845655
Epoch: 171, d_loss= 4.742208, g_loss= 38.108429, D(X)= 1.392019, D(G(X))= 1.531354, wrong score: 1.374440
Epoch: 172, d_loss= 4.486597, g_loss= 37.284275, D(X)= 1.275331, D(G(X))= 1.545940, wrong score: 1.274092
Epoch: 173, d_loss= 7.199700, g_loss= 37.157322, D(X)= 1.507648, D(G(X))= 2.012442, wrong score: 1.503637
Epoch: 174, d_loss= 6.850856, g_loss= 37.302307, D(X)= 1.111216, D(G(X))= 2.030916, wrong score: 1.216466
Epoch: 175, d_loss= 15.729504, g_loss= 37.575386, D(X)= -2.127871, D(G(X))= -0.867302, wrong score: -2.085468
Epoch: 176, d_loss= 2.985880, g_loss= 37.646351, D(X)= 0.762828, D(G(X))= 1.244237, wrong score: 0.766346
Epoch: 177, d_loss= 5.516535, g_loss= 36.563026, D(X)= 0.849974, D(G(X))= 1.878358, wrong score: 0.865248
Epoch: 178, d_loss= 4.596426, g_loss= 36.338596, D(X)= 0.187431, D(G(X))= 1.317106, wrong score: 0.243438
Epoch: 179, d_loss= 4.421616, g_loss= 36.486488, D(X)= -0.046600, D(G(X))= 1.069343, wrong score: 0.055197
Epoch: 180, d_loss= 4.299793, g_loss= 36.269154, D(X)= 0.329872, D(G(X))= 1.360568, wrong score: 0.465952
Epoch: 181, d_loss= 2.762385, g_loss= 36.232853, D(X)= 0.234106, D(G(X))= 0.685867, wrong score: 0.068517
Epoch: 182, d_loss= 3.233171, g_loss= 37.640732, D(X)= -0.142936, D(G(X))= 0.497034, wrong score: -0.121308
Epoch: 183, d_loss= 9.384034, g_loss= 36.877277, D(X)= -0.979423, D(G(X))= -1.787251, wrong score: -0.957402
Epoch: 184, d_loss= 6.938017, g_loss= 36.315304, D(X)= 1.638833, D(G(X))= 1.751790, wrong score: 1.709972
Epoch: 185, d_loss= 19.991915, g_loss= 38.191711, D(X)= -0.511311, D(G(X))= 3.863242, wrong score: -0.633367
Epoch: 186, d_loss= 3.059506, g_loss= 36.643276, D(X)= -0.484735, D(G(X))= -0.575456, wrong score: -0.498735
Epoch: 187, d_loss= 8.903128, g_loss= 36.422508, D(X)= 1.936994, D(G(X))= 1.963166, wrong score: 1.945545
Epoch: 188, d_loss= 26.681301, g_loss= 38.543278, D(X)= 3.101220, D(G(X))= 3.396526, wrong score: 3.126076
Epoch: 189, d_loss= 17.499020, g_loss= 36.778004, D(X)= 2.121614, D(G(X))= 3.207017, wrong score: 2.164165
Epoch: 190, d_loss= 6.849940, g_loss= 36.272774, D(X)= -1.066429, D(G(X))= 0.368717, wrong score: -1.084595
Epoch: 191, d_loss= 6.622453, g_loss= 36.859798, D(X)= -1.072253, D(G(X))= -1.043125, wrong score: -1.066977
Epoch: 192, d_loss= 3.940558, g_loss= 36.137188, D(X)= 0.990851, D(G(X))= 1.588241, wrong score: 0.970848
Epoch: 193, d_loss= 6.426835, g_loss= 37.777588, D(X)= -1.038463, D(G(X))= 0.231262, wrong score: -1.004376
Epoch: 194, d_loss= 2.675457, g_loss= 36.005795, D(X)= -0.447136, D(G(X))= -0.185914, wrong score: -0.487059
Epoch: 195, d_loss= 5.724455, g_loss= 35.689888, D(X)= 1.094832, D(G(X))= 1.948046, wrong score: 1.104321
Epoch: 196, d_loss= 5.333552, g_loss= 35.954277, D(X)= -0.092487, D(G(X))= 1.635655, wrong score: -0.014187
Epoch: 197, d_loss= 5.972044, g_loss= 36.173603, D(X)= 0.663238, D(G(X))= 2.033479, wrong score: 0.559769
Epoch: 198, d_loss= 9.687407, g_loss= 36.161324, D(X)= 1.269746, D(G(X))= 2.602643, wrong score: 1.284638
Epoch: 199, d_loss= 6.317994, g_loss= 35.597301, D(X)= 0.775861, D(G(X))= 2.093533, wrong score: 0.796349
Epoch: 200, d_loss= 4.344034, g_loss= 35.491146, D(X)= 0.308263, D(G(X))= 1.545003, wrong score: 0.250071
Epoch: 0, d_loss= 0.712432, g_loss= 61.697483, D(X)= 0.063745, D(G(X))= 0.077001, wrong score: 0.063599
Epoch: 0, d_loss= 0.938012, g_loss= 61.222260, D(X)= -0.062733, D(G(X))= -0.075354, wrong score: -0.063774
